Diagnostics started at 2026-05-28T16:26:08.858Z
[RAF log] total=500 reused=477 new=23 cap=350 callbackName=Bw
[RAF log] total=1000 reused=977 new=23 cap=350 callbackName=Bw
[RAF log] total=1500 reused=1477 new=23 cap=350 callbackName=Bw
[RAF log] total=2000 reused=1969 new=31 cap=350 callbackName=Bw
[RAF log] total=2500 reused=2463 new=37 cap=350 callbackName=o
[RAF log] total=3000 reused=2963 new=37 cap=350 callbackName=o
[RAF log] total=3500 reused=3389 new=111 cap=350 callbackName=hJ
[RAF log] total=4000 reused=3759 new=241 cap=350 callbackName=hJ
[RAF log] total=4500 reused=4080 new=420 cap=350 callbackName=o
[RAF log] total=5000 reused=4390 new=610 cap=350 callbackName=hJ
[RAF log] total=5500 reused=4751 new=749 cap=350 callbackName=hJ
[RAF log] total=6000 reused=5111 new=889 cap=350 callbackName=hJ
[RAF log] total=6500 reused=5432 new=1068 cap=350 callbackName=hJ
[RAF log] total=7000 reused=5748 new=1252 cap=350 callbackName=hJ
[RAF log] total=7500 reused=6059 new=1441 cap=350 callbackName=hJ
[RAF log] total=8000 reused=6403 new=1597 cap=350 callbackName=hJ
[RAF log] total=8500 reused=6732 new=1768 cap=350 callbackName=o
[RAF log] total=9000 reused=7050 new=1950 cap=350 callbackName=hJ
[RAF log] total=9500 reused=7427 new=2073 cap=350 callbackName=hJ
[RAF log] total=10000 reused=7809 new=2191 cap=350 callbackName=o
[RAF log] total=10500 reused=8187 new=2313 cap=350 callbackName=hJ
[RAF log] total=11000 reused=8587 new=2413 cap=350 callbackName=hJ
[RAF log] total=11500 reused=8945 new=2555 cap=350 callbackName=hJ
[RAF log] total=12000 reused=9260 new=2740 cap=350 callbackName=hJ
[RAF log] total=12500 reused=9608 new=2892 cap=350 callbackName=hJ
[RAF log] total=13000 reused=10044 new=2956 cap=350 callbackName=hJ
[RAF log] total=13500 reused=10423 new=3077 cap=350 callbackName=hJ
[RAF log] total=14000 reused=10795 new=3205 cap=350 callbackName=hJ
[RAF log] total=14500 reused=11176 new=3324 cap=350 callbackName=hJ
[RAF log] total=15000 reused=11574 new=3426 cap=350 callbackName=hJ
[RAF log] total=15500 reused=11946 new=3554 cap=350 callbackName=o
[RAF log] total=16000 reused=12279 new=3721 cap=350 callbackName=o
[RAF log] total=16500 reused=12626 new=3874 cap=350 callbackName=hJ
[RAF log] total=17000 reused=12995 new=4005 cap=350 callbackName=hJ
[RAF log] total=17500 reused=13402 new=4098 cap=350 callbackName=hJ
[RAF log] total=18000 reused=13795 new=4205 cap=350 callbackName=hJ
[RAF log] total=18500 reused=14210 new=4290 cap=350 callbackName=o
[RAF log] total=19000 reused=14598 new=4402 cap=350 callbackName=hJ
[RAF log] total=19500 reused=14944 new=4556 cap=350 callbackName=hJ
[RAF log] total=20000 reused=15293 new=4707 cap=350 callbackName=o
[RAF log] total=20500 reused=15667 new=4833 cap=350 callbackName=hJ
[RAF log] total=21000 reused=16070 new=4930 cap=350 callbackName=hJ
[RAF log] total=21500 reused=16503 new=4997 cap=350 callbackName=o
[RAF log] total=22000 reused=16860 new=5140 cap=350 callbackName=hJ
[RAF log] total=22500 reused=17232 new=5268 cap=350 callbackName=o
[RAF log] total=23000 reused=17595 new=5405 cap=350 callbackName=hJ
[RAF log] total=23500 reused=17900 new=5600 cap=350 callbackName=hJ
[RAF log] total=24000 reused=18250 new=5750 cap=350 callbackName=hJ
[RAF log] total=24500 reused=18625 new=5875 cap=350 callbackName=hJ
[RAF log] total=25000 reused=18976 new=6024 cap=350 callbackName=hJ
[RAF log] total=25500 reused=19337 new=6163 cap=350 callbackName=o
[RAF log] total=26000 reused=19691 new=6309 cap=350 callbackName=o
[RAF log] total=26500 reused=20041 new=6459 cap=350 callbackName=hJ
[RAF log] total=27000 reused=20427 new=6573 cap=350 callbackName=hJ
[RAF log] total=27500 reused=20745 new=6755 cap=350 callbackName=hJ
[RAF log] total=28000 reused=21097 new=6903 cap=350 callbackName=anonymous
[RAF log] total=28500 reused=21441 new=7059 cap=350 callbackName=o
[RAF log] total=29000 reused=21822 new=7178 cap=350 callbackName=hJ
[RAF log] total=29500 reused=22215 new=7285 cap=350 callbackName=hJ
[RAF log] total=30000 reused=22586 new=7414 cap=350 callbackName=hJ
[RAF log] total=30500 reused=22985 new=7515 cap=350 callbackName=hJ
[RAF log] total=31000 reused=23385 new=7615 cap=350 callbackName=hJ
[RAF log] total=31500 reused=23787 new=7713 cap=350 callbackName=hJ
[RAF log] total=32000 reused=24183 new=7817 cap=350 callbackName=hJ
[RAF log] total=32500 reused=24586 new=7914 cap=350 callbackName=hJ
[RAF log] total=33000 reused=24955 new=8045 cap=350 callbackName=hJ
[RAF log] total=33500 reused=25356 new=8144 cap=350 callbackName=hJ
[RAF log] total=34000 reused=25756 new=8244 cap=350 callbackName=hJ
[RAF log] total=34500 reused=26135 new=8365 cap=350 callbackName=hJ
[RAF log] total=35000 reused=26560 new=8440 cap=350 callbackName=hJ
[RAF log] total=35500 reused=26939 new=8561 cap=350 callbackName=hJ
[RAF log] total=36000 reused=27284 new=8716 cap=350 callbackName=hJ
[RAF log] total=36500 reused=27643 new=8857 cap=350 callbackName=hJ
[RAF log] total=37000 reused=28023 new=8977 cap=350 callbackName=hJ
[RAF log] total=37500 reused=28400 new=9100 cap=350 callbackName=hJ
[RAF log] total=38000 reused=28808 new=9192 cap=350 callbackName=hJ
[RAF log] total=38500 reused=29253 new=9247 cap=350 callbackName=hJ
[RAF log] total=39000 reused=29667 new=9333 cap=350 callbackName=hJ
[RAF log] total=39500 reused=30043 new=9457 cap=350 callbackName=hJ
[RAF log] total=40000 reused=30432 new=9568 cap=350 callbackName=hJ
[RAF log] total=40500 reused=30853 new=9647 cap=350 callbackName=hJ
[RAF log] total=41000 reused=31291 new=9709 cap=350 callbackName=hJ
[RAF log] total=41500 reused=31672 new=9828 cap=350 callbackName=hJ
[RAF log] total=42000 reused=32148 new=9852 cap=350 callbackName=hJ
[RAF log] total=42500 reused=32635 new=9865 cap=350 callbackName=hJ
[RAF log] total=43000 reused=33123 new=9877 cap=350 callbackName=hJ
[RAF log] total=43500 reused=33612 new=9888 cap=350 callbackName=hJ
[RAF log] total=44000 reused=34104 new=9896 cap=350 callbackName=hJ
[RAF log] total=44500 reused=34596 new=9904 cap=350 callbackName=hJ
[RAF log] total=45000 reused=35089 new=9911 cap=350 callbackName=hJ
[RAF log] total=45500 reused=35583 new=9917 cap=350 callbackName=hJ
[RAF log] total=46000 reused=36077 new=9923 cap=350 callbackName=hJ
[RAF log] total=46500 reused=36570 new=9930 cap=350 callbackName=hJ
[RAF log] total=47000 reused=37064 new=9936 cap=350 callbackName=hJ
[RAF log] total=47500 reused=37556 new=9944 cap=350 callbackName=hJ
[RAF log] total=48000 reused=38050 new=9950 cap=350 callbackName=hJ
[RAF log] total=48500 reused=38544 new=9956 cap=350 callbackName=hJ
[RAF log] total=49000 reused=39039 new=9961 cap=350 callbackName=hJ
[RAF log] total=49500 reused=39534 new=9966 cap=350 callbackName=hJ
[RAF log] total=50000 reused=40029 new=9971 cap=350 callbackName=hJ
[RAF log] total=50500 reused=40524 new=9976 cap=350 callbackName=hJ
[RAF log] total=51000 reused=41019 new=9981 cap=350 callbackName=hJ
[RAF log] total=51500 reused=41515 new=9985 cap=350 callbackName=hJ
[RAF log] total=52000 reused=42011 new=9989 cap=350 callbackName=hJ
[RAF log] total=52500 reused=42506 new=9994 cap=350 callbackName=hJ
[RAF log] total=53000 reused=43002 new=9998 cap=350 callbackName=hJ
[RAF log] total=53500 reused=43497 new=10003 cap=350 callbackName=hJ
[RAF log] total=54000 reused=43993 new=10007 cap=350 callbackName=hJ
[RAF log] total=54500 reused=44488 new=10012 cap=350 callbackName=hJ
[RAF log] total=55000 reused=44983 new=10017 cap=350 callbackName=hJ
[RAF log] total=55500 reused=45453 new=10047 cap=350 callbackName=Bw
[RAF log] total=56000 reused=45953 new=10047 cap=350 callbackName=Bw
[RAF log] total=56500 reused=46447 new=10053 cap=350 callbackName=Bw
[RAF log] total=57000 reused=46947 new=10053 cap=350 callbackName=Bw
[RAF log] total=57500 reused=47447 new=10053 cap=350 callbackName=Bw
[RAF log] total=58000 reused=47947 new=10053 cap=350 callbackName=Bw
[RAF log] total=58500 reused=48447 new=10053 cap=350 callbackName=Bw
[RAF log] total=59000 reused=48947 new=10053 cap=350 callbackName=Bw
[RAF log] total=59500 reused=49447 new=10053 cap=350 callbackName=Bw
[RAF log] total=60000 reused=49947 new=10053 cap=350 callbackName=Bw
[RAF log] total=60500 reused=50447 new=10053 cap=350 callbackName=Bw
[RAF log] total=61000 reused=50947 new=10053 cap=350 callbackName=Bw
[RAF log] total=61500 reused=51447 new=10053 cap=350 callbackName=Bw
[RAF log] total=62000 reused=51947 new=10053 cap=350 callbackName=Bw
[RAF log] total=62500 reused=52447 new=10053 cap=350 callbackName=Bw
[RAF log] total=63000 reused=52947 new=10053 cap=350 callbackName=Bw
[RAF log] total=63500 reused=53447 new=10053 cap=350 callbackName=Bw
[RAF log] total=64000 reused=53947 new=10053 cap=350 callbackName=Bw
[RAF log] total=64500 reused=54447 new=10053 cap=350 callbackName=Bw
